\BOOKMARK [0][-]{chapter.1}{\376\377\0001\000\040\000N\000e\000w\000T\000e\000c\000\040\000D\000o\000k\000u\000m\000e\000n\000t\000a\000t\000i\000o\000n}{}% 1
\BOOKMARK [1][-]{section.1.1}{\376\377\0001\000.\0001\000\040\000I\000n\000h\000a\000l\000t\000s\000v\000e\000r\000z\000e\000i\000c\000h\000n\000i\000s}{chapter.1}% 2
\BOOKMARK [1][-]{section.1.2}{\376\377\0001\000.\0002\000\040\000\334\000b\000e\000r\000s\000i\000c\000h\000t}{chapter.1}% 3
\BOOKMARK [1][-]{section.1.3}{\376\377\0001\000.\0003\000\040\000F\000u\000n\000k\000t\000i\000o\000n\000e\000n}{chapter.1}% 4
\BOOKMARK [1][-]{section.1.4}{\376\377\0001\000.\0004\000\040\000K\000o\000n\000f\000i\000g\000u\000r\000a\000t\000i\000o\000n}{chapter.1}% 5
\BOOKMARK [1][-]{section.1.5}{\376\377\0001\000.\0005\000\040\000D\000e\000m\000o}{chapter.1}% 6
\BOOKMARK [2][-]{subsection.1.5.1}{\376\377\0001\000.\0005\000.\0001\000\040\000K\000o\000p\000i\000e\000r\000\040\000u\000n\000d\000\040\000B\000e\000a\000r\000b\000e\000i\000t\000u\000n\000g\000s\000\040\000B\000e\000i\000s\000p\000i\000e\000l}{section.1.5}% 7
\BOOKMARK [2][-]{subsection.1.5.2}{\376\377\0001\000.\0005\000.\0002\000\040\000B\000e\000s\000o\000n\000d\000e\000r\000e\000\040\000H\000i\000n\000w\000e\000i\000s\000e}{section.1.5}% 8
\BOOKMARK [3][-]{subsubsection.1.5.2.1}{\376\377\0001\000.\0005\000.\0002\000.\0001\000\040\0001\000.\000\040\000N\000o\000t\000e\000s}{subsection.1.5.2}% 9
\BOOKMARK [3][-]{subsubsection.1.5.2.2}{\376\377\0001\000.\0005\000.\0002\000.\0002\000\040\0002\000.\000\040\000W\000a\000r\000n\000i\000n\000g\000s}{subsection.1.5.2}% 10
\BOOKMARK [3][-]{subsubsection.1.5.2.3}{\376\377\0001\000.\0005\000.\0002\000.\0003\000\040\0003\000.\000\040\000D\000e\000p\000r\000e\000c\000a\000t\000e\000d}{subsection.1.5.2}% 11
\BOOKMARK [3][-]{subsubsection.1.5.2.4}{\376\377\0001\000.\0005\000.\0002\000.\0004\000\040\0004\000.\000\040\000B\000u\000g}{subsection.1.5.2}% 12
\BOOKMARK [3][-]{subsubsection.1.5.2.5}{\376\377\0001\000.\0005\000.\0002\000.\0005\000\040\0005\000.\000\040\000U\000n\000v\000e\000r\000\344\000n\000d\000e\000r\000l\000i\000c\000h}{subsection.1.5.2}% 13
\BOOKMARK [3][-]{subsubsection.1.5.2.6}{\376\377\0001\000.\0005\000.\0002\000.\0006\000\040\0006\000.\000\040\000B\000e\000d\000i\000n\000g\000u\000n\000g}{subsection.1.5.2}% 14
\BOOKMARK [3][-]{subsubsection.1.5.2.7}{\376\377\0001\000.\0005\000.\0002\000.\0007\000\040\0007\000.\000\040\000N\000a\000c\000h\000b\000e\000d\000i\000n\000g\000u\000n\000g}{subsection.1.5.2}% 15
\BOOKMARK [3][-]{subsubsection.1.5.2.8}{\376\377\0001\000.\0005\000.\0002\000.\0008\000\040\0008\000.\000\040\000Z\000u\000\040\000e\000r\000l\000e\000d\000i\000g\000e\000n}{subsection.1.5.2}% 16
\BOOKMARK [3][-]{subsubsection.1.5.2.9}{\376\377\0001\000.\0005\000.\0002\000.\0009\000\040\0009\000.\000\040\000B\000e\000m\000e\000r\000k\000u\000n\000g\000e\000n}{subsection.1.5.2}% 17
\BOOKMARK [0][-]{chapter.2}{\376\377\0002\000\040\000D\000e\000p\000r\000e\000c\000a\000t\000e\000d\000\040\000L\000i\000s\000t}{}% 18
\BOOKMARK [0][-]{chapter.3}{\376\377\0003\000\040\000B\000u\000g\000\040\000L\000i\000s\000t}{}% 19
\BOOKMARK [0][-]{chapter.4}{\376\377\0004\000\040\000T\000o\000d\000o\000\040\000L\000i\000s\000t}{}% 20
\BOOKMARK [0][-]{chapter.5}{\376\377\0005\000\040\000T\000o\000p\000i\000c\000\040\000I\000n\000d\000e\000x}{}% 21
\BOOKMARK [1][-]{section.5.1}{\376\377\0005\000.\0001\000\040\000T\000o\000p\000i\000c\000s}{chapter.5}% 22
\BOOKMARK [0][-]{chapter.6}{\376\377\0006\000\040\000C\000l\000a\000s\000s\000\040\000I\000n\000d\000e\000x}{}% 23
\BOOKMARK [1][-]{section.6.1}{\376\377\0006\000.\0001\000\040\000C\000l\000a\000s\000s\000\040\000L\000i\000s\000t}{chapter.6}% 24
\BOOKMARK [0][-]{chapter.7}{\376\377\0007\000\040\000F\000i\000l\000e\000\040\000I\000n\000d\000e\000x}{}% 25
\BOOKMARK [1][-]{section.7.1}{\376\377\0007\000.\0001\000\040\000F\000i\000l\000e\000\040\000L\000i\000s\000t}{chapter.7}% 26
\BOOKMARK [0][-]{chapter.8}{\376\377\0008\000\040\000T\000o\000p\000i\000c\000\040\000D\000o\000c\000u\000m\000e\000n\000t\000a\000t\000i\000o\000n}{}% 27
\BOOKMARK [1][-]{section.8.1}{\376\377\0008\000.\0001\000\040\000B\000r\000u\000c\000h\000\040\000t\000e\000s\000t\000e\000n}{chapter.8}% 28
\BOOKMARK [2][-]{subsection.8.1.1}{\376\377\0008\000.\0001\000.\0001\000\040\000D\000e\000t\000a\000i\000l\000e\000d\000\040\000D\000e\000s\000c\000r\000i\000p\000t\000i\000o\000n}{section.8.1}% 29
\BOOKMARK [2][-]{subsection.8.1.2}{\376\377\0008\000.\0001\000.\0002\000\040\000B\000r\000u\000c\000h\000k\000l\000a\000s\000s\000e}{section.8.1}% 30
\BOOKMARK [3][-]{subsubsection.8.1.2.1}{\376\377\0008\000.\0001\000.\0002\000.\0001\000\040\000K\000o\000n\000s\000t\000r\000u\000k\000t\000o\000r}{subsection.8.1.2}% 31
\BOOKMARK [3][-]{subsubsection.8.1.2.2}{\376\377\0008\000.\0001\000.\0002\000.\0002\000\040\000W\000e\000r\000t\000\040\000a\000b\000r\000u\000f\000e\000n}{subsection.8.1.2}% 32
\BOOKMARK [3][-]{subsubsection.8.1.2.3}{\376\377\0008\000.\0001\000.\0002\000.\0003\000\040\000M\000u\000l\000t\000i\000p\000l\000i\000k\000a\000t\000i\000o\000n}{subsection.8.1.2}% 33
\BOOKMARK [2][-]{subsection.8.1.3}{\376\377\0008\000.\0001\000.\0003\000\040\000T\000e\000s\000t\000k\000l\000a\000s\000s\000e}{section.8.1}% 34
\BOOKMARK [3][-]{subsubsection.8.1.3.1}{\376\377\0008\000.\0001\000.\0003\000.\0001\000\040\000T\000e\000s\000t\000s\000\040\000a\000u\000s\000f\000\374\000h\000r\000e\000n}{subsection.8.1.3}% 35
\BOOKMARK [0][-]{chapter.9}{\376\377\0009\000\040\000C\000l\000a\000s\000s\000\040\000D\000o\000c\000u\000m\000e\000n\000t\000a\000t\000i\000o\000n}{}% 36
\BOOKMARK [1][-]{section.9.1}{\376\377\0009\000.\0001\000\040\000B\000r\000u\000c\000h\000\040\000C\000l\000a\000s\000s\000\040\000R\000e\000f\000e\000r\000e\000n\000c\000e}{chapter.9}% 37
\BOOKMARK [2][-]{subsection.9.1.1}{\376\377\0009\000.\0001\000.\0001\000\040\000D\000e\000t\000a\000i\000l\000e\000d\000\040\000D\000e\000s\000c\000r\000i\000p\000t\000i\000o\000n}{section.9.1}% 38
\BOOKMARK [2][-]{subsection.9.1.2}{\376\377\0009\000.\0001\000.\0002\000\040\000C\000o\000n\000s\000t\000r\000u\000c\000t\000o\000r\000\040\000\046\000\040\000D\000e\000s\000t\000r\000u\000c\000t\000o\000r\000\040\000D\000o\000c\000u\000m\000e\000n\000t\000a\000t\000i\000o\000n}{section.9.1}% 39
\BOOKMARK [3][-]{subsubsection.9.1.2.1}{\376\377\0009\000.\0001\000.\0002\000.\0001\000\040\000B\000r\000u\000c\000h\000\050\000\051}{subsection.9.1.2}% 40
\BOOKMARK [2][-]{subsection.9.1.3}{\376\377\0009\000.\0001\000.\0003\000\040\000M\000e\000m\000b\000e\000r\000\040\000F\000u\000n\000c\000t\000i\000o\000n\000\040\000D\000o\000c\000u\000m\000e\000n\000t\000a\000t\000i\000o\000n}{section.9.1}% 41
\BOOKMARK [3][-]{subsubsection.9.1.3.1}{\376\377\0009\000.\0001\000.\0003\000.\0001\000\040\000g\000g\000t\000\050\000\051}{subsection.9.1.3}% 42
\BOOKMARK [3][-]{subsubsection.9.1.3.2}{\376\377\0009\000.\0001\000.\0003\000.\0002\000\040\000o\000p\000e\000r\000a\000t\000o\000r\000*\000=\000\050\000\051}{subsection.9.1.3}% 43
\BOOKMARK [1][-]{section.9.2}{\376\377\0009\000.\0002\000\040\000T\000e\000s\000t\000\040\000C\000l\000a\000s\000s\000\040\000R\000e\000f\000e\000r\000e\000n\000c\000e}{chapter.9}% 44
\BOOKMARK [2][-]{subsection.9.2.1}{\376\377\0009\000.\0002\000.\0001\000\040\000D\000e\000t\000a\000i\000l\000e\000d\000\040\000D\000e\000s\000c\000r\000i\000p\000t\000i\000o\000n}{section.9.2}% 45
\BOOKMARK [2][-]{subsection.9.2.2}{\376\377\0009\000.\0002\000.\0002\000\040\000C\000o\000n\000s\000t\000r\000u\000c\000t\000o\000r\000\040\000\046\000\040\000D\000e\000s\000t\000r\000u\000c\000t\000o\000r\000\040\000D\000o\000c\000u\000m\000e\000n\000t\000a\000t\000i\000o\000n}{section.9.2}% 46
\BOOKMARK [3][-]{subsubsection.9.2.2.1}{\376\377\0009\000.\0002\000.\0002\000.\0001\000\040\000T\000e\000s\000t\000\050\000\051}{subsection.9.2.2}% 47
\BOOKMARK [1][-]{section.9.3}{\376\377\0009\000.\0003\000\040\000T\000i\000m\000e\000\040\000C\000l\000a\000s\000s\000\040\000R\000e\000f\000e\000r\000e\000n\000c\000e}{chapter.9}% 48
\BOOKMARK [2][-]{subsection.9.3.1}{\376\377\0009\000.\0003\000.\0001\000\040\000D\000e\000t\000a\000i\000l\000e\000d\000\040\000D\000e\000s\000c\000r\000i\000p\000t\000i\000o\000n}{section.9.3}% 49
\BOOKMARK [2][-]{subsection.9.3.2}{\376\377\0009\000.\0003\000.\0002\000\040\000C\000o\000n\000s\000t\000r\000u\000c\000t\000o\000r\000\040\000\046\000\040\000D\000e\000s\000t\000r\000u\000c\000t\000o\000r\000\040\000D\000o\000c\000u\000m\000e\000n\000t\000a\000t\000i\000o\000n}{section.9.3}% 50
\BOOKMARK [3][-]{subsubsection.9.3.2.1}{\376\377\0009\000.\0003\000.\0002\000.\0001\000\040\000T\000i\000m\000e\000\050\000\051}{subsection.9.3.2}% 51
\BOOKMARK [3][-]{subsubsection.9.3.2.2}{\376\377\0009\000.\0003\000.\0002\000.\0002\000\040\000~\000T\000i\000m\000e\000\050\000\051}{subsection.9.3.2}% 52
\BOOKMARK [2][-]{subsection.9.3.3}{\376\377\0009\000.\0003\000.\0003\000\040\000M\000e\000m\000b\000e\000r\000\040\000F\000u\000n\000c\000t\000i\000o\000n\000\040\000D\000o\000c\000u\000m\000e\000n\000t\000a\000t\000i\000o\000n}{section.9.3}% 53
\BOOKMARK [3][-]{subsubsection.9.3.3.1}{\376\377\0009\000.\0003\000.\0003\000.\0001\000\040\000h\000o\000u\000r\000\050\000\051}{subsection.9.3.3}% 54
\BOOKMARK [3][-]{subsubsection.9.3.3.2}{\376\377\0009\000.\0003\000.\0003\000.\0002\000\040\000j\000u\000s\000t\000\137\000m\000i\000n\000u\000t\000e\000s\000\050\000\051}{subsection.9.3.3}% 55
\BOOKMARK [3][-]{subsubsection.9.3.3.3}{\376\377\0009\000.\0003\000.\0003\000.\0003\000\040\000j\000u\000s\000t\000\137\000s\000e\000c\000o\000n\000d\000s\000\050\000\051}{subsection.9.3.3}% 56
\BOOKMARK [3][-]{subsubsection.9.3.3.4}{\376\377\0009\000.\0003\000.\0003\000.\0004\000\040\000m\000i\000n\000u\000t\000e\000\050\000\051}{subsection.9.3.3}% 57
\BOOKMARK [3][-]{subsubsection.9.3.3.5}{\376\377\0009\000.\0003\000.\0003\000.\0005\000\040\000s\000e\000c\000o\000n\000d\000\050\000\051}{subsection.9.3.3}% 58
\BOOKMARK [0][-]{chapter.10}{\376\377\0001\0000\000\040\000F\000i\000l\000e\000\040\000D\000o\000c\000u\000m\000e\000n\000t\000a\000t\000i\000o\000n}{}% 59
\BOOKMARK [1][-]{section.10.1}{\376\377\0001\0000\000.\0001\000\040\000B\000r\000u\000c\000h\000.\000h}{chapter.10}% 60
\BOOKMARK [1][-]{section.10.2}{\376\377\0001\0000\000.\0002\000\040\000t\000e\000s\000t\000\137\000c\000l\000a\000s\000s\000.\000h}{chapter.10}% 61
\BOOKMARK [1][-]{section.10.3}{\376\377\0001\0000\000.\0003\000\040\000t\000i\000m\000e\000.\000h}{chapter.10}% 62
